E:\PROJECTS\DatingApp\DatingApp.API\DatingApp-SPA\dist\out-tsc\src\app\app.component.js
E:\PROJECTS\DatingApp\DatingApp.API\DatingApp-SPA\dist\out-tsc\src\app\app.component.js.map
E:\PROJECTS\DatingApp\DatingApp.API\DatingApp-SPA\dist\out-tsc\src\app\value\value.component.js
E:\PROJECTS\DatingApp\DatingApp.API\DatingApp-SPA\dist\out-tsc\src\app\value\value.component.js.map
E:\PROJECTS\DatingApp\DatingApp.API\DatingApp-SPA\dist\out-tsc\src\app\app.module.js
E:\PROJECTS\DatingApp\DatingApp.API\DatingApp-SPA\dist\out-tsc\src\app\app.module.js.map
E:\PROJECTS\DatingApp\DatingApp.API\DatingApp-SPA\dist\out-tsc\src\environments\environment.js
E:\PROJECTS\DatingApp\DatingApp.API\DatingApp-SPA\dist\out-tsc\src\environments\environment.js.map
E:\PROJECTS\DatingApp\DatingApp.API\DatingApp-SPA\dist\out-tsc\src\main.js
E:\PROJECTS\DatingApp\DatingApp.API\DatingApp-SPA\dist\out-tsc\src\main.js.map
E:\PROJECTS\DatingApp\DatingApp.API\DatingApp-SPA\dist\out-tsc\src\polyfills.js
E:\PROJECTS\DatingApp\DatingApp.API\DatingApp-SPA\dist\out-tsc\src\polyfills.js.map
E:\PROJECTS\DatingApp\DatingApp.API\DatingApp-SPA\dist\out-tsc\src\test.js
E:\PROJECTS\DatingApp\DatingApp.API\DatingApp-SPA\dist\out-tsc\src\test.js.map
E:\PROJECTS\DatingApp\DatingApp.API\DatingApp-SPA\dist\out-tsc\e2e\src\app.po.js
E:\PROJECTS\DatingApp\DatingApp.API\DatingApp-SPA\dist\out-tsc\e2e\src\app.po.js.map
E:\PROJECTS\DatingApp\DatingApp.API\DatingApp-SPA\dist\out-tsc\e2e\src\app.e2e-spec.js
E:\PROJECTS\DatingApp\DatingApp.API\DatingApp-SPA\dist\out-tsc\e2e\src\app.e2e-spec.js.map
E:\PROJECTS\DatingApp\DatingApp.API\DatingApp-SPA\dist\out-tsc\src\app\app.component.spec.js
E:\PROJECTS\DatingApp\DatingApp.API\DatingApp-SPA\dist\out-tsc\src\app\app.component.spec.js.map
E:\PROJECTS\DatingApp\DatingApp.API\DatingApp-SPA\dist\out-tsc\src\environments\environment.prod.js
E:\PROJECTS\DatingApp\DatingApp.API\DatingApp-SPA\dist\out-tsc\src\environments\environment.prod.js.map
E:\PROJECTS\DatingApp\DatingApp.API\DatingApp-SPA\dist\out-tsc\src\app\value\value.component.spec.js
E:\PROJECTS\DatingApp\DatingApp.API\DatingApp-SPA\dist\out-tsc\src\app\value\value.component.spec.js.map
